ERROR: In /home/ibr/sw/vtk-8.1/src/Rendering/OpenGL2/vtkOpenGLRenderWindow.cxx, line 797
vtkGenericOpenGLRenderWindow (0x56226fd4d9d0): GL version 2.1 with the gpu_shader4 extension is not supported by your graphics driver but is required for the new OpenGL rendering backend. Please update your OpenGL driver. If you are using Mesa please make sure you have version 10.6.5 or later and make sure your driver in Mesa supports OpenGL 3.2.

ERROR: In /home/ibr/sw/vtk-8.1/src/Rendering/OpenGL2/vtkShaderProgram.cxx, line 430
vtkShaderProgram (0x562270529330): 1: #version 150
2: #ifdef GL_ES
3: #if __VERSION__ == 300
4: #define attribute in
5: #define varying out
6: #endif // 300
7: #else // GL_ES
8: #define highp
9: #define mediump
10: #define lowp
11: #if __VERSION__ == 150
12: #define attribute in
13: #define varying out
14: #endif
15: #endif // GL_ES
16: 
17: 
18: /*=========================================================================
19: 
20:   Program:   Visualization Toolkit
21:   Module:    vtkPolyData2DVS.glsl
22: 
23:   Copyright (c) Ken Martin, Will Schroeder, Bill Lorensen
24:   All rights reserved.
25:   See Copyright.txt or http://www.kitware.com/Copyright.htm for details.
26: 
27:      This software is distributed WITHOUT ANY WARRANTY; without even
28:      the implied warranty of MERCHANTABILITY or FITNESS FOR A PARTICULAR
29:      PURPOSE.  See the above copyright notice for more information.
30: 
31: =========================================================================*/
32: 
33: // all variables that represent positions or directions have a suffix
34: // indicating the coordinate system they are in. The possible values are
35: // MC - Model Coordinates
36: // WC - WC world coordinates
37: // VC - View Coordinates
38: // DC - Display Coordinates
39: 
40: attribute vec4 vertexWC;
41: 
42: // material property values
43: attribute vec4 diffuseColor;
44: varying vec4 fcolorVSOutput;
45: 
46: // Texture coordinates
47: //VTK::TCoord::Dec
48: 
49: // Apple Bug
50: //VTK::PrimID::Dec
51: 
52: uniform mat4 WCVCMatrix;  // World to view matrix
53: 
54: void main()
55: {
56:   // Apple Bug
57:   //VTK::PrimID::Impl
58: 
59:   gl_Position = WCVCMatrix*vertexWC;
60:   //VTK::TCoord::Impl
61:   fcolorVSOutput = diffuseColor;
62: }
63: 


ERROR: In /home/ibr/sw/vtk-8.1/src/Rendering/OpenGL2/vtkShaderProgram.cxx, line 431
vtkShaderProgram (0x562270529330): 0:1(10): error: GLSL 1.50 is not supported. Supported versions are: 1.10, 1.20, 1.30, 1.00 ES, 3.00 ES, 3.10 ES, and 3.20 ES


ERROR: In /home/ibr/sw/vtk-8.1/src/Rendering/OpenGL2/vtkOpenGLRenderWindow.cxx, line 797
vtkGenericOpenGLRenderWindow (0x56226fd4d9d0): GL version 2.1 with the gpu_shader4 extension is not supported by your graphics driver but is required for the new OpenGL rendering backend. Please update your OpenGL driver. If you are using Mesa please make sure you have version 10.6.5 or later and make sure your driver in Mesa supports OpenGL 3.2.

ERROR: In /home/ibr/sw/vtk-8.1/src/Rendering/OpenGL2/vtkShaderProgram.cxx, line 430
vtkShaderProgram (0x562270529330): 1: #version 150
2: #ifdef GL_ES
3: #if __VERSION__ == 300
4: #define attribute in
5: #define varying out
6: #endif // 300
7: #else // GL_ES
8: #define highp
9: #define mediump
10: #define lowp
11: #if __VERSION__ == 150
12: #define attribute in
13: #define varying out
14: #endif
15: #endif // GL_ES
16: 
17: 
18: /*=========================================================================
19: 
20:   Program:   Visualization Toolkit
21:   Module:    vtkPolyData2DVS.glsl
22: 
23:   Copyright (c) Ken Martin, Will Schroeder, Bill Lorensen
24:   All rights reserved.
25:   See Copyright.txt or http://www.kitware.com/Copyright.htm for details.
26: 
27:      This software is distributed WITHOUT ANY WARRANTY; without even
28:      the implied warranty of MERCHANTABILITY or FITNESS FOR A PARTICULAR
29:      PURPOSE.  See the above copyright notice for more information.
30: 
31: =========================================================================*/
32: 
33: // all variables that represent positions or directions have a suffix
34: // indicating the coordinate system they are in. The possible values are
35: // MC - Model Coordinates
36: // WC - WC world coordinates
37: // VC - View Coordinates
38: // DC - Display Coordinates
39: 
40: attribute vec4 vertexWC;
41: 
42: // material property values
43: attribute vec4 diffuseColor;
44: varying vec4 fcolorVSOutput;
45: 
46: // Texture coordinates
47: //VTK::TCoord::Dec
48: 
49: // Apple Bug
50: //VTK::PrimID::Dec
51: 
52: uniform mat4 WCVCMatrix;  // World to view matrix
53: 
54: void main()
55: {
56:   // Apple Bug
57:   //VTK::PrimID::Impl
58: 
59:   gl_Position = WCVCMatrix*vertexWC;
60:   //VTK::TCoord::Impl
61:   fcolorVSOutput = diffuseColor;
62: }
63: 


ERROR: In /home/ibr/sw/vtk-8.1/src/Rendering/OpenGL2/vtkShaderProgram.cxx, line 431
vtkShaderProgram (0x562270529330): 0:1(10): error: GLSL 1.50 is not supported. Supported versions are: 1.10, 1.20, 1.30, 1.00 ES, 3.00 ES, 3.10 ES, and 3.20 ES


ERROR: In /home/ibr/sw/vtk-8.1/src/Rendering/OpenGL2/vtkOpenGLRenderWindow.cxx, line 797
vtkGenericOpenGLRenderWindow (0x56226fd4d9d0): GL version 2.1 with the gpu_shader4 extension is not supported by your graphics driver but is required for the new OpenGL rendering backend. Please update your OpenGL driver. If you are using Mesa please make sure you have version 10.6.5 or later and make sure your driver in Mesa supports OpenGL 3.2.

ERROR: In /home/ibr/sw/vtk-8.1/src/Rendering/OpenGL2/vtkShaderProgram.cxx, line 430
vtkShaderProgram (0x562270529330): 1: #version 150
2: #ifdef GL_ES
3: #if __VERSION__ == 300
4: #define attribute in
5: #define varying out
6: #endif // 300
7: #else // GL_ES
8: #define highp
9: #define mediump
10: #define lowp
11: #if __VERSION__ == 150
12: #define attribute in
13: #define varying out
14: #endif
15: #endif // GL_ES
16: 
17: 
18: /*=========================================================================
19: 
20:   Program:   Visualization Toolkit
21:   Module:    vtkPolyData2DVS.glsl
22: 
23:   Copyright (c) Ken Martin, Will Schroeder, Bill Lorensen
24:   All rights reserved.
25:   See Copyright.txt or http://www.kitware.com/Copyright.htm for details.
26: 
27:      This software is distributed WITHOUT ANY WARRANTY; without even
28:      the implied warranty of MERCHANTABILITY or FITNESS FOR A PARTICULAR
29:      PURPOSE.  See the above copyright notice for more information.
30: 
31: =========================================================================*/
32: 
33: // all variables that represent positions or directions have a suffix
34: // indicating the coordinate system they are in. The possible values are
35: // MC - Model Coordinates
36: // WC - WC world coordinates
37: // VC - View Coordinates
38: // DC - Display Coordinates
39: 
40: attribute vec4 vertexWC;
41: 
42: // material property values
43: attribute vec4 diffuseColor;
44: varying vec4 fcolorVSOutput;
45: 
46: // Texture coordinates
47: //VTK::TCoord::Dec
48: 
49: // Apple Bug
50: //VTK::PrimID::Dec
51: 
52: uniform mat4 WCVCMatrix;  // World to view matrix
53: 
54: void main()
55: {
56:   // Apple Bug
57:   //VTK::PrimID::Impl
58: 
59:   gl_Position = WCVCMatrix*vertexWC;
60:   //VTK::TCoord::Impl
61:   fcolorVSOutput = diffuseColor;
62: }
63: 


ERROR: In /home/ibr/sw/vtk-8.1/src/Rendering/OpenGL2/vtkShaderProgram.cxx, line 431
vtkShaderProgram (0x562270529330): 0:1(10): error: GLSL 1.50 is not supported. Supported versions are: 1.10, 1.20, 1.30, 1.00 ES, 3.00 ES, 3.10 ES, and 3.20 ES


ERROR: In /home/ibr/sw/vtk-8.1/src/Rendering/OpenGL2/vtkOpenGLRenderWindow.cxx, line 797
vtkGenericOpenGLRenderWindow (0x56226fd4d9d0): GL version 2.1 with the gpu_shader4 extension is not supported by your graphics driver but is required for the new OpenGL rendering backend. Please update your OpenGL driver. If you are using Mesa please make sure you have version 10.6.5 or later and make sure your driver in Mesa supports OpenGL 3.2.

ERROR: In /home/ibr/sw/vtk-8.1/src/Rendering/OpenGL2/vtkShaderProgram.cxx, line 430
vtkShaderProgram (0x562270529330): 1: #version 150
2: #ifdef GL_ES
3: #if __VERSION__ == 300
4: #define attribute in
5: #define varying out
6: #endif // 300
7: #else // GL_ES
8: #define highp
9: #define mediump
10: #define lowp
11: #if __VERSION__ == 150
12: #define attribute in
13: #define varying out
14: #endif
15: #endif // GL_ES
16: 
17: 
18: /*=========================================================================
19: 
20:   Program:   Visualization Toolkit
21:   Module:    vtkPolyData2DVS.glsl
22: 
23:   Copyright (c) Ken Martin, Will Schroeder, Bill Lorensen
24:   All rights reserved.
25:   See Copyright.txt or http://www.kitware.com/Copyright.htm for details.
26: 
27:      This software is distributed WITHOUT ANY WARRANTY; without even
28:      the implied warranty of MERCHANTABILITY or FITNESS FOR A PARTICULAR
29:      PURPOSE.  See the above copyright notice for more information.
30: 
31: =========================================================================*/
32: 
33: // all variables that represent positions or directions have a suffix
34: // indicating the coordinate system they are in. The possible values are
35: // MC - Model Coordinates
36: // WC - WC world coordinates
37: // VC - View Coordinates
38: // DC - Display Coordinates
39: 
40: attribute vec4 vertexWC;
41: 
42: // material property values
43: attribute vec4 diffuseColor;
44: varying vec4 fcolorVSOutput;
45: 
46: // Texture coordinates
47: //VTK::TCoord::Dec
48: 
49: // Apple Bug
50: //VTK::PrimID::Dec
51: 
52: uniform mat4 WCVCMatrix;  // World to view matrix
53: 
54: void main()
55: {
56:   // Apple Bug
57:   //VTK::PrimID::Impl
58: 
59:   gl_Position = WCVCMatrix*vertexWC;
60:   //VTK::TCoord::Impl
61:   fcolorVSOutput = diffuseColor;
62: }
63: 


ERROR: In /home/ibr/sw/vtk-8.1/src/Rendering/OpenGL2/vtkShaderProgram.cxx, line 431
vtkShaderProgram (0x562270529330): 0:1(10): error: GLSL 1.50 is not supported. Supported versions are: 1.10, 1.20, 1.30, 1.00 ES, 3.00 ES, 3.10 ES, and 3.20 ES


